\BOOKMARK [1][-]{section.1}{\376\377\000I\000n\000t\000r\000o\000d\000u\000c\000t\000i\000o\000n}{}% 1
\BOOKMARK [1][-]{section.2}{\376\377\000H\000o\000m\000e\000w\000o\000r\000k\000\040\0001}{}% 2
\BOOKMARK [2][-]{subsection.2.1}{\376\377\000Q\000u\000e\000s\000t\000i\000o\000n\000\040\0005}{section.2}% 3
\BOOKMARK [3][-]{subsubsection.2.1.1}{\376\377\000P\000r\000o\000o\000f\000\040\000E\000x\000p\000l\000a\000n\000a\000t\000i\000o\000n}{subsection.2.1}% 4
\BOOKMARK [2][-]{subsection.2.2}{\376\377\000Q\000u\000e\000s\000t\000i\000o\000n\000\040\0006}{section.2}% 5
\BOOKMARK [2][-]{subsection.2.3}{\376\377\000Q\000u\000e\000s\000t\000i\000o\000n\000\040\0007}{section.2}% 6
\BOOKMARK [2][-]{subsection.2.4}{\376\377\000Q\000u\000e\000s\000t\000i\000o\000n\000\040\0008}{section.2}% 7
\BOOKMARK [2][-]{subsection.2.5}{\376\377\000D\000i\000s\000c\000o\000r\000d\000\040\000Q\000u\000e\000s\000t\000i\000o\000n}{section.2}% 8
\BOOKMARK [1][-]{section.3}{\376\377\000H\000o\000m\000e\000w\000o\000r\000k\000\040\0002}{}% 9
\BOOKMARK [2][-]{subsection.3.1}{\376\377\000Q\000u\000e\000s\000t\000i\000o\000n\000\040\0001}{section.3}% 10
\BOOKMARK [2][-]{subsection.3.2}{\376\377\000Q\000u\000e\000s\000t\000i\000o\000n\000\040\0002}{section.3}% 11
\BOOKMARK [2][-]{subsection.3.3}{\376\377\000Q\000u\000e\000s\000t\000i\000o\000n\000\040\0003}{section.3}% 12
\BOOKMARK [2][-]{subsection.3.4}{\376\377\000Q\000u\000e\000s\000t\000i\000o\000n\000\040\0004}{section.3}% 13
\BOOKMARK [3][-]{subsubsection.3.4.1}{\376\377\000E\000x\000p\000l\000a\000i\000n\000a\000t\000i\000o\000n}{subsection.3.4}% 14
\BOOKMARK [2][-]{subsection.3.5}{\376\377\000Q\000u\000e\000s\000t\000i\000o\000n\000\040\0005}{section.3}% 15
\BOOKMARK [2][-]{subsection.3.6}{\376\377\000D\000i\000s\000c\000o\000r\000d\000\040\000Q\000u\000e\000s\000t\000i\000o\000n}{section.3}% 16
\BOOKMARK [1][-]{section.4}{\376\377\000H\000o\000m\000e\000w\000o\000r\000k\000\040\0003}{}% 17
\BOOKMARK [2][-]{subsection.4.1}{\376\377\000D\000i\000s\000c\000o\000r\000d\000\040\000P\000o\000s\000t}{section.4}% 18
\BOOKMARK [2][-]{subsection.4.2}{\376\377\000R\000e\000p\000o\000r\000t\000s\000\040\000V\000o\000t\000e\000d\000\040\000F\000o\000r}{section.4}% 19
\BOOKMARK [1][-]{section.5}{\376\377\000H\000o\000m\000e\000w\000o\000r\000k\000\040\0004}{}% 20
\BOOKMARK [2][-]{subsection.5.1}{\376\377\000D\000i\000s\000c\000o\000r\000d\000\040\000Q\000u\000e\000s\000t\000i\000o\000n}{section.5}% 21
